\BOOKMARK [1][-]{section*.3}{Przeglad podstawowych zagadnien zwiazanych z wielomianami}{}% 1
\BOOKMARK [2][-]{section*.4}{Podstawowe definicje}{section*.3}% 2
\BOOKMARK [2][-]{section*.5}{Postac iloczynowa wielomianu i dzielenie wielomianu}{section*.3}% 3
\BOOKMARK [2][-]{section*.6}{Pochodna wielomianu i jej obliczanie}{section*.3}% 4
\BOOKMARK [2][-]{section*.7}{Inne przydatne pojecia matematyczne}{section*.3}% 5
\BOOKMARK [1][-]{section*.8}{Metoda Newtona oraz wielowymiarowa metoda Newtona}{}% 6
\BOOKMARK [2][-]{section*.9}{Opis klasycznej metody Newtona}{section*.8}% 7
\BOOKMARK [2][-]{section*.10}{Zastosowanie klasycznej metody Newtona do szukania zer wielomianu}{section*.8}% 8
\BOOKMARK [2][-]{section*.11}{Metoda Newtona dla wielu funkcji wielu zmiennych}{section*.8}% 9
\BOOKMARK [2][-]{section*.12}{Metoda Newtona dla funkcji zespolonych}{section*.8}% 10
\BOOKMARK [1][-]{section*.13}{Wybrane metody wyszukiwania miejsc zerowych wielomianu}{}% 11
\BOOKMARK [2][-]{section*.14}{Metoda Laguerre'a}{section*.13}% 12
\BOOKMARK [2][-]{section*.15}{Metoda Mullera}{section*.13}% 13
\BOOKMARK [1][-]{section*.16}{Metoda Bairstowa}{}% 14
\BOOKMARK [2][-]{section*.17}{Opis metody Bairstowa}{section*.16}% 15
\BOOKMARK [2][-]{section*.18}{Analiza teoretyczna metody Bairstowa}{section*.16}% 16
\BOOKMARK [2][-]{section*.19}{Przyk\233ad rozbieznosci metody Bairstowa}{section*.16}% 17
\BOOKMARK [2][-]{section*.20}{Implementacja metody Bairstowa}{section*.16}% 18
\BOOKMARK [2][-]{section*.21}{Proponowane usprawnienia}{section*.16}% 19
\BOOKMARK [1][-]{section*.22}{Testy numeryczne}{}% 20
\BOOKMARK [2][-]{section*.23}{Por\363wnanie opisanych metod}{section*.22}% 21
\BOOKMARK [2][-]{section*.24}{Przyk\233ad dzia\233ania opisanych metod}{section*.22}% 22
